2013-09-13 18:25:01.191841 Coinbase address 'mqFwFYJ6btZRTinw3fTt6no1wXpKT3fURw' is valid
2013-09-13 18:25:01.192488 Coinbase address 'mn6QvZuSLp8gqQrgXvweS4doiBv5EMM3jT' is valid
2013-09-13 18:25:01.193141 Coinbase address 'mvVUsS9JQ72AsHNegUVgA1mQFqQPuLfGDR' is valid
2013-09-13 18:25:01.194493 New block! Prevhash: 0000000000a3f5d6a54fe23e650909c017a135386de880f03b63dba5440ef9e7
2013-09-13 18:25:01.196482 New template for 0000000000a3f5d6a54fe23e650909c017a135386de880f03b63dba5440ef9e7
2013-09-13 18:25:01.196528 Update finished, 0.001 sec, 4 txes
2013-09-13 18:25:04.200844 Nothing updated
2013-09-13 18:25:07.205206 Nothing updated
2013-09-13 18:25:10.037338 New connection from 192.168.0.100:45372
2013-09-13 18:25:10.206867 Nothing updated
2013-09-13 18:25:13.209934 Merkle update! Prevhash: 0000000000a3f5d6a54fe23e650909c017a135386de880f03b63dba5440ef9e7
2013-09-13 18:25:13.213345 New template for 0000000000a3f5d6a54fe23e650909c017a135386de880f03b63dba5440ef9e7
2013-09-13 18:25:13.213598 Update finished, 0.002 sec, 5 txes
2013-09-13 18:25:16.216975 Nothing updated
2013-09-13 18:25:19.220326 Nothing updated
2013-09-13 18:25:22.222600 Nothing updated
2013-09-13 18:25:25.227796 Merkle update! Prevhash: 0000000000a3f5d6a54fe23e650909c017a135386de880f03b63dba5440ef9e7
2013-09-13 18:25:25.230613 New template for 0000000000a3f5d6a54fe23e650909c017a135386de880f03b63dba5440ef9e7
2013-09-13 18:25:25.230863 Update finished, 0.002 sec, 5 txes
2013-09-13 18:25:28.231385 Nothing updated
2013-09-13 18:25:31.235750 Nothing updated
2013-09-13 18:25:34.239529 Nothing updated
2013-09-13 18:25:37.241532 Merkle update! Prevhash: 0000000000a3f5d6a54fe23e650909c017a135386de880f03b63dba5440ef9e7
2013-09-13 18:25:37.244394 New template for 0000000000a3f5d6a54fe23e650909c017a135386de880f03b63dba5440ef9e7
2013-09-13 18:25:37.244635 Update finished, 0.002 sec, 5 txes
2013-09-13 18:25:40.248993 Nothing updated
2013-09-13 18:25:43.253348 Nothing updated
2013-09-13 18:25:46.256839 Nothing updated
2013-09-13 18:25:49.259711 Merkle update! Prevhash: 0000000000a3f5d6a54fe23e650909c017a135386de880f03b63dba5440ef9e7
2013-09-13 18:25:49.262773 New template for 0000000000a3f5d6a54fe23e650909c017a135386de880f03b63dba5440ef9e7
2013-09-13 18:25:49.263012 Update finished, 0.002 sec, 5 txes
2013-09-13 18:25:52.263326 Nothing updated
2013-09-13 18:25:55.265999 Nothing updated
2013-09-13 18:25:58.268406 Nothing updated
2013-09-13 18:26:01.272734 Merkle update! Prevhash: 0000000000a3f5d6a54fe23e650909c017a135386de880f03b63dba5440ef9e7
2013-09-13 18:26:01.275636 New template for 0000000000a3f5d6a54fe23e650909c017a135386de880f03b63dba5440ef9e7
2013-09-13 18:26:01.275892 Update finished, 0.002 sec, 5 txes
2013-09-13 18:26:04.278546 Nothing updated
2013-09-13 18:26:07.282955 Nothing updated
2013-09-13 18:26:10.287336 Nothing updated
2013-09-13 18:26:13.289217 Merkle update! Prevhash: 0000000000a3f5d6a54fe23e650909c017a135386de880f03b63dba5440ef9e7
2013-09-13 18:26:13.292092 New template for 0000000000a3f5d6a54fe23e650909c017a135386de880f03b63dba5440ef9e7
2013-09-13 18:26:13.292339 Update finished, 0.002 sec, 5 txes
2013-09-13 18:26:16.293284 Nothing updated
2013-09-13 18:26:19.295398 Nothing updated
2013-09-13 18:26:22.298306 Nothing updated
2013-09-13 18:26:25.303227 Merkle update! Prevhash: 0000000000a3f5d6a54fe23e650909c017a135386de880f03b63dba5440ef9e7
2013-09-13 18:26:25.306061 New template for 0000000000a3f5d6a54fe23e650909c017a135386de880f03b63dba5440ef9e7
2013-09-13 18:26:25.306312 Update finished, 0.002 sec, 5 txes
2013-09-13 18:26:28.307772 Nothing updated
2013-09-13 18:26:31.311172 Nothing updated
2013-09-13 18:26:34.314394 Nothing updated
2013-09-13 18:26:37.318023 Merkle update! Prevhash: 0000000000a3f5d6a54fe23e650909c017a135386de880f03b63dba5440ef9e7
2013-09-13 18:26:37.320906 New template for 0000000000a3f5d6a54fe23e650909c017a135386de880f03b63dba5440ef9e7
2013-09-13 18:26:37.321161 Update finished, 0.002 sec, 5 txes
2013-09-13 18:26:40.323849 Nothing updated
2013-09-13 18:26:43.325464 Nothing updated
2013-09-13 18:26:46.330433 Nothing updated
2013-09-13 18:26:49.334861 Merkle update! Prevhash: 0000000000a3f5d6a54fe23e650909c017a135386de880f03b63dba5440ef9e7
2013-09-13 18:26:49.337714 New template for 0000000000a3f5d6a54fe23e650909c017a135386de880f03b63dba5440ef9e7
2013-09-13 18:26:49.337955 Update finished, 0.002 sec, 5 txes
2013-09-13 18:26:52.338316 Nothing updated
2013-09-13 18:26:55.342931 Nothing updated
2013-09-13 18:26:58.344830 Nothing updated
2013-09-13 18:27:01.348920 Merkle update! Prevhash: 0000000000a3f5d6a54fe23e650909c017a135386de880f03b63dba5440ef9e7
2013-09-13 18:27:01.351805 New template for 0000000000a3f5d6a54fe23e650909c017a135386de880f03b63dba5440ef9e7
2013-09-13 18:27:01.352057 Update finished, 0.002 sec, 5 txes
2013-09-13 18:27:04.354097 Nothing updated
2013-09-13 18:27:07.358441 Nothing updated
2013-09-13 18:27:10.362813 Nothing updated
2013-09-13 18:27:13.364962 Merkle update! Prevhash: 0000000000a3f5d6a54fe23e650909c017a135386de880f03b63dba5440ef9e7
2013-09-13 18:27:13.367787 New template for 0000000000a3f5d6a54fe23e650909c017a135386de880f03b63dba5440ef9e7
2013-09-13 18:27:13.368022 Update finished, 0.002 sec, 5 txes
2013-09-13 18:27:16.368140 Nothing updated
2013-09-13 18:27:19.372236 Nothing updated
2013-09-13 18:27:22.374986 Nothing updated
2013-09-13 18:27:25.379391 Merkle update! Prevhash: 0000000000a3f5d6a54fe23e650909c017a135386de880f03b63dba5440ef9e7
2013-09-13 18:27:25.382258 New template for 0000000000a3f5d6a54fe23e650909c017a135386de880f03b63dba5440ef9e7
2013-09-13 18:27:25.382510 Update finished, 0.002 sec, 5 txes
2013-09-13 18:27:28.383210 Nothing updated
2013-09-13 18:27:31.387708 New block! Prevhash: 0000000000829beea099b7b535532ad8b3be60668a151618810cd281264be346
2013-09-13 18:27:31.389998 New template for 0000000000829beea099b7b535532ad8b3be60668a151618810cd281264be346
2013-09-13 18:27:31.390253 Update finished, 0.001 sec, 1 txes
2013-09-13 18:27:34.390850 Nothing updated
2013-09-13 18:27:37.395119 Nothing updated
2013-09-13 18:27:40.399457 Nothing updated
2013-09-13 18:27:43.403973 Merkle update! Prevhash: 0000000000829beea099b7b535532ad8b3be60668a151618810cd281264be346
2013-09-13 18:27:43.405843 New template for 0000000000829beea099b7b535532ad8b3be60668a151618810cd281264be346
2013-09-13 18:27:43.406082 Update finished, 0.001 sec, 1 txes
2013-09-13 18:27:46.406943 Nothing updated
2013-09-13 18:27:49.410571 Nothing updated
2013-09-13 18:27:52.414002 Nothing updated
2013-09-13 18:27:55.417082 Merkle update! Prevhash: 0000000000829beea099b7b535532ad8b3be60668a151618810cd281264be346
2013-09-13 18:27:55.418995 New template for 0000000000829beea099b7b535532ad8b3be60668a151618810cd281264be346
2013-09-13 18:27:55.419229 Update finished, 0.001 sec, 1 txes
2013-09-13 18:27:58.421165 Nothing updated
2013-09-13 18:28:01.424739 Nothing updated
2013-09-13 18:28:04.429610 Nothing updated
2013-09-13 18:28:07.431696 Merkle update! Prevhash: 0000000000829beea099b7b535532ad8b3be60668a151618810cd281264be346
2013-09-13 18:28:07.433570 New template for 0000000000829beea099b7b535532ad8b3be60668a151618810cd281264be346
2013-09-13 18:28:07.433802 Update finished, 0.001 sec, 1 txes
2013-09-13 18:28:10.438115 Nothing updated
2013-09-13 18:28:13.442415 Nothing updated
2013-09-13 18:28:16.445910 Nothing updated
2013-09-13 18:28:19.449802 Merkle update! Prevhash: 0000000000829beea099b7b535532ad8b3be60668a151618810cd281264be346
2013-09-13 18:28:19.451707 New template for 0000000000829beea099b7b535532ad8b3be60668a151618810cd281264be346
2013-09-13 18:28:19.451945 Update finished, 0.001 sec, 1 txes
2013-09-13 18:28:22.453314 Nothing updated
2013-09-13 18:28:25.456133 Nothing updated
2013-09-13 18:28:28.458161 Nothing updated
2013-09-13 18:28:31.462339 Merkle update! Prevhash: 0000000000829beea099b7b535532ad8b3be60668a151618810cd281264be346
2013-09-13 18:28:31.464256 New template for 0000000000829beea099b7b535532ad8b3be60668a151618810cd281264be346
2013-09-13 18:28:31.464487 Update finished, 0.001 sec, 1 txes
2013-09-13 18:28:34.465388 Nothing updated
2013-09-13 18:28:37.467356 Nothing updated
2013-09-13 18:28:40.469930 Nothing updated
2013-09-13 18:28:43.472583 Merkle update! Prevhash: 0000000000829beea099b7b535532ad8b3be60668a151618810cd281264be346
2013-09-13 18:28:43.474480 New template for 0000000000829beea099b7b535532ad8b3be60668a151618810cd281264be346
2013-09-13 18:28:43.474749 Update finished, 0.001 sec, 1 txes
2013-09-13 18:28:46.476324 Nothing updated
2013-09-13 18:28:49.479304 Nothing updated
2013-09-13 18:28:52.483404 Nothing updated
2013-09-13 18:28:55.487195 Merkle update! Prevhash: 0000000000829beea099b7b535532ad8b3be60668a151618810cd281264be346
2013-09-13 18:28:55.489073 New template for 0000000000829beea099b7b535532ad8b3be60668a151618810cd281264be346
2013-09-13 18:28:55.489307 Update finished, 0.001 sec, 1 txes
2013-09-13 18:28:58.491246 Nothing updated
2013-09-13 18:29:01.494182 Nothing updated
2013-09-13 18:29:04.497240 Nothing updated
2013-09-13 18:29:07.501970 Merkle update! Prevhash: 0000000000829beea099b7b535532ad8b3be60668a151618810cd281264be346
2013-09-13 18:29:07.503865 New template for 0000000000829beea099b7b535532ad8b3be60668a151618810cd281264be346
2013-09-13 18:29:07.504103 Update finished, 0.001 sec, 1 txes
2013-09-13 18:29:10.507461 Nothing updated
2013-09-13 18:29:13.510521 Nothing updated
2013-09-13 18:29:16.513579 Nothing updated
2013-09-13 18:29:19.516122 Merkle update! Prevhash: 0000000000829beea099b7b535532ad8b3be60668a151618810cd281264be346
2013-09-13 18:29:19.517976 New template for 0000000000829beea099b7b535532ad8b3be60668a151618810cd281264be346
2013-09-13 18:29:19.518211 Update finished, 0.001 sec, 1 txes
2013-09-13 18:29:22.521658 Nothing updated
2013-09-13 18:29:25.526555 Nothing updated
2013-09-13 18:29:28.529046 Nothing updated
2013-09-13 18:29:31.533715 Merkle update! Prevhash: 0000000000829beea099b7b535532ad8b3be60668a151618810cd281264be346
2013-09-13 18:29:31.535653 New template for 0000000000829beea099b7b535532ad8b3be60668a151618810cd281264be346
2013-09-13 18:29:31.535887 Update finished, 0.001 sec, 1 txes
2013-09-13 18:29:34.537611 Nothing updated
2013-09-13 18:29:37.540050 Nothing updated
2013-09-13 18:29:40.542363 Nothing updated
2013-09-13 18:29:43.546000 Merkle update! Prevhash: 0000000000829beea099b7b535532ad8b3be60668a151618810cd281264be346
2013-09-13 18:29:43.547900 New template for 0000000000829beea099b7b535532ad8b3be60668a151618810cd281264be346
2013-09-13 18:29:43.548124 Update finished, 0.001 sec, 1 txes
2013-09-13 18:29:46.550186 Nothing updated
2013-09-13 18:29:49.552212 Nothing updated
2013-09-13 18:29:52.556544 Nothing updated
2013-09-13 18:29:55.560854 Merkle update! Prevhash: 0000000000829beea099b7b535532ad8b3be60668a151618810cd281264be346
2013-09-13 18:29:55.562773 New template for 0000000000829beea099b7b535532ad8b3be60668a151618810cd281264be346
2013-09-13 18:29:55.563037 Update finished, 0.001 sec, 1 txes
2013-09-13 18:29:58.565783 Nothing updated
2013-09-13 18:30:01.567886 Nothing updated
2013-09-13 18:30:04.572369 Nothing updated
2013-09-13 18:30:07.575769 Merkle update! Prevhash: 0000000000829beea099b7b535532ad8b3be60668a151618810cd281264be346
2013-09-13 18:30:07.578301 New template for 0000000000829beea099b7b535532ad8b3be60668a151618810cd281264be346
2013-09-13 18:30:07.578525 Update finished, 0.001 sec, 2 txes
2013-09-13 18:30:10.580218 Nothing updated
2013-09-13 18:30:13.584513 Nothing updated
2013-09-13 18:30:16.586239 Nothing updated
2013-09-13 18:30:19.590587 Merkle update! Prevhash: 0000000000829beea099b7b535532ad8b3be60668a151618810cd281264be346
2013-09-13 18:30:19.592844 New template for 0000000000829beea099b7b535532ad8b3be60668a151618810cd281264be346
2013-09-13 18:30:19.593089 Update finished, 0.001 sec, 2 txes
2013-09-13 18:30:22.595892 Nothing updated
2013-09-13 18:30:25.600229 Nothing updated
2013-09-13 18:30:28.604932 Nothing updated
2013-09-13 18:30:31.609267 Merkle update! Prevhash: 0000000000829beea099b7b535532ad8b3be60668a151618810cd281264be346
2013-09-13 18:30:31.611538 New template for 0000000000829beea099b7b535532ad8b3be60668a151618810cd281264be346
2013-09-13 18:30:31.611782 Update finished, 0.001 sec, 2 txes
2013-09-13 18:30:34.615031 Nothing updated
2013-09-13 18:30:37.619380 Nothing updated
2013-09-13 18:30:40.623734 Nothing updated
2013-09-13 18:30:43.628046 Merkle update! Prevhash: 0000000000829beea099b7b535532ad8b3be60668a151618810cd281264be346
2013-09-13 18:30:43.630286 New template for 0000000000829beea099b7b535532ad8b3be60668a151618810cd281264be346
2013-09-13 18:30:43.630526 Update finished, 0.001 sec, 2 txes
2013-09-13 18:30:46.632168 Nothing updated
2013-09-13 18:30:49.636503 Nothing updated
2013-09-13 18:30:52.640211 Nothing updated
2013-09-13 18:30:55.644066 Merkle update! Prevhash: 0000000000829beea099b7b535532ad8b3be60668a151618810cd281264be346
2013-09-13 18:30:55.646303 New template for 0000000000829beea099b7b535532ad8b3be60668a151618810cd281264be346
2013-09-13 18:30:55.646539 Update finished, 0.001 sec, 2 txes
2013-09-13 18:30:58.650878 Nothing updated
2013-09-13 18:31:01.654281 Nothing updated
2013-09-13 18:31:04.657039 Nothing updated
2013-09-13 18:31:07.661910 Merkle update! Prevhash: 0000000000829beea099b7b535532ad8b3be60668a151618810cd281264be346
2013-09-13 18:31:07.664159 New template for 0000000000829beea099b7b535532ad8b3be60668a151618810cd281264be346
2013-09-13 18:31:07.664400 Update finished, 0.001 sec, 2 txes
2013-09-13 18:31:10.665429 Nothing updated
2013-09-13 18:31:13.669727 Nothing updated
2013-09-13 18:31:16.673958 Nothing updated
2013-09-13 18:31:19.676696 Merkle update! Prevhash: 0000000000829beea099b7b535532ad8b3be60668a151618810cd281264be346
2013-09-13 18:31:19.679296 New template for 0000000000829beea099b7b535532ad8b3be60668a151618810cd281264be346
2013-09-13 18:31:19.679516 Update finished, 0.001 sec, 2 txes
2013-09-13 18:31:22.683829 Nothing updated
2013-09-13 18:31:25.686985 Nothing updated
2013-09-13 18:31:28.691318 Nothing updated
2013-09-13 18:31:31.696488 Merkle update! Prevhash: 0000000000829beea099b7b535532ad8b3be60668a151618810cd281264be346
2013-09-13 18:31:31.698762 New template for 0000000000829beea099b7b535532ad8b3be60668a151618810cd281264be346
2013-09-13 18:31:31.699003 Update finished, 0.001 sec, 2 txes
2013-09-13 18:31:34.701494 Nothing updated
2013-09-13 18:31:37.703695 Nothing updated
2013-09-13 18:31:40.707465 Nothing updated
2013-09-13 18:31:43.710540 Merkle update! Prevhash: 0000000000829beea099b7b535532ad8b3be60668a151618810cd281264be346
2013-09-13 18:31:43.712775 New template for 0000000000829beea099b7b535532ad8b3be60668a151618810cd281264be346
2013-09-13 18:31:43.713010 Update finished, 0.001 sec, 2 txes
2013-09-13 18:31:46.714252 Nothing updated
2013-09-13 18:31:49.718499 Nothing updated
2013-09-13 18:31:52.720376 Nothing updated
2013-09-13 18:31:55.724436 Merkle update! Prevhash: 0000000000829beea099b7b535532ad8b3be60668a151618810cd281264be346
2013-09-13 18:31:55.726923 New template for 0000000000829beea099b7b535532ad8b3be60668a151618810cd281264be346
2013-09-13 18:31:55.727153 Update finished, 0.002 sec, 2 txes
2013-09-13 18:31:58.729158 Nothing updated
2013-09-13 18:32:01.732019 Nothing updated
2013-09-13 18:32:04.736158 Nothing updated
2013-09-13 18:32:07.740291 Merkle update! Prevhash: 0000000000829beea099b7b535532ad8b3be60668a151618810cd281264be346
2013-09-13 18:32:07.742435 New template for 0000000000829beea099b7b535532ad8b3be60668a151618810cd281264be346
2013-09-13 18:32:07.742707 Update finished, 0.001 sec, 2 txes
2013-09-13 18:32:10.745926 Nothing updated
2013-09-13 18:32:13.750051 Nothing updated
2013-09-13 18:32:16.752052 Nothing updated
2013-09-13 18:32:19.755933 Merkle update! Prevhash: 0000000000829beea099b7b535532ad8b3be60668a151618810cd281264be346
2013-09-13 18:32:19.758105 New template for 0000000000829beea099b7b535532ad8b3be60668a151618810cd281264be346
2013-09-13 18:32:19.758327 Update finished, 0.001 sec, 2 txes
2013-09-13 18:32:22.759371 Nothing updated
2013-09-13 18:32:25.761831 Nothing updated
2013-09-13 18:32:28.765952 Nothing updated
2013-09-13 18:32:31.770074 Merkle update! Prevhash: 0000000000829beea099b7b535532ad8b3be60668a151618810cd281264be346
2013-09-13 18:32:31.772261 New template for 0000000000829beea099b7b535532ad8b3be60668a151618810cd281264be346
2013-09-13 18:32:31.772492 Update finished, 0.001 sec, 2 txes
2013-09-13 18:32:34.774724 Nothing updated
2013-09-13 18:32:37.778023 Nothing updated
2013-09-13 18:32:40.780027 Nothing updated
2013-09-13 18:32:43.783905 Merkle update! Prevhash: 0000000000829beea099b7b535532ad8b3be60668a151618810cd281264be346
2013-09-13 18:32:43.786052 New template for 0000000000829beea099b7b535532ad8b3be60668a151618810cd281264be346
2013-09-13 18:32:43.786274 Update finished, 0.001 sec, 2 txes
2013-09-13 18:32:46.787840 Nothing updated
2013-09-13 18:32:49.790146 Nothing updated
2013-09-13 18:32:52.792272 Nothing updated
2013-09-13 18:32:55.794434 Merkle update! Prevhash: 0000000000829beea099b7b535532ad8b3be60668a151618810cd281264be346
2013-09-13 18:32:55.796614 New template for 0000000000829beea099b7b535532ad8b3be60668a151618810cd281264be346
2013-09-13 18:32:55.796846 Update finished, 0.001 sec, 2 txes
2013-09-13 18:32:58.798262 Nothing updated
2013-09-13 18:33:01.802358 Nothing updated
2013-09-13 18:33:04.804964 Nothing updated
2013-09-13 18:33:07.809060 Merkle update! Prevhash: 0000000000829beea099b7b535532ad8b3be60668a151618810cd281264be346
2013-09-13 18:33:07.811272 New template for 0000000000829beea099b7b535532ad8b3be60668a151618810cd281264be346
2013-09-13 18:33:07.811512 Update finished, 0.001 sec, 2 txes
2013-09-13 18:33:10.814376 Nothing updated
2013-09-13 18:33:13.816301 Nothing updated
2013-09-13 18:33:16.819774 Nothing updated
2013-09-13 18:33:19.823232 Merkle update! Prevhash: 0000000000829beea099b7b535532ad8b3be60668a151618810cd281264be346
2013-09-13 18:33:19.825380 New template for 0000000000829beea099b7b535532ad8b3be60668a151618810cd281264be346
2013-09-13 18:33:19.825597 Update finished, 0.001 sec, 2 txes
2013-09-13 18:33:22.829721 Nothing updated
2013-09-13 18:33:25.832907 Nothing updated
2013-09-13 18:33:28.836498 Nothing updated
2013-09-13 18:33:31.840687 Merkle update! Prevhash: 0000000000829beea099b7b535532ad8b3be60668a151618810cd281264be346
2013-09-13 18:33:31.842963 New template for 0000000000829beea099b7b535532ad8b3be60668a151618810cd281264be346
2013-09-13 18:33:31.843197 Update finished, 0.001 sec, 2 txes
2013-09-13 18:33:34.847354 Nothing updated
2013-09-13 18:33:37.850994 Nothing updated
2013-09-13 18:33:40.853188 Nothing updated
2013-09-13 18:33:43.854999 Merkle update! Prevhash: 0000000000829beea099b7b535532ad8b3be60668a151618810cd281264be346
2013-09-13 18:33:43.857166 New template for 0000000000829beea099b7b535532ad8b3be60668a151618810cd281264be346
2013-09-13 18:33:43.857392 Update finished, 0.001 sec, 2 txes
2013-09-13 18:33:46.859045 Nothing updated
2013-09-13 18:33:49.862510 Nothing updated
2013-09-13 18:33:52.863700 Nothing updated
2013-09-13 18:33:55.866839 Merkle update! Prevhash: 0000000000829beea099b7b535532ad8b3be60668a151618810cd281264be346
2013-09-13 18:33:55.868977 New template for 0000000000829beea099b7b535532ad8b3be60668a151618810cd281264be346
2013-09-13 18:33:55.869221 Update finished, 0.001 sec, 2 txes
2013-09-13 18:33:58.873344 Nothing updated
2013-09-13 18:34:01.877470 Nothing updated
2013-09-13 18:34:04.881580 Nothing updated
2013-09-13 18:34:07.886325 Merkle update! Prevhash: 0000000000829beea099b7b535532ad8b3be60668a151618810cd281264be346
2013-09-13 18:34:07.888525 New template for 0000000000829beea099b7b535532ad8b3be60668a151618810cd281264be346
2013-09-13 18:34:07.888752 Update finished, 0.001 sec, 2 txes
2013-09-13 18:34:10.892873 Nothing updated
2013-09-13 18:34:13.896986 Nothing updated
2013-09-13 18:34:16.899292 Nothing updated
2013-09-13 18:34:19.903483 Merkle update! Prevhash: 0000000000829beea099b7b535532ad8b3be60668a151618810cd281264be346
2013-09-13 18:34:19.905624 New template for 0000000000829beea099b7b535532ad8b3be60668a151618810cd281264be346
2013-09-13 18:34:19.905852 Update finished, 0.001 sec, 2 txes
2013-09-13 18:34:22.908242 Nothing updated
2013-09-13 18:34:25.910459 Nothing updated
2013-09-13 18:34:28.914543 Nothing updated
2013-09-13 18:34:31.917084 Merkle update! Prevhash: 0000000000829beea099b7b535532ad8b3be60668a151618810cd281264be346
2013-09-13 18:34:31.919271 New template for 0000000000829beea099b7b535532ad8b3be60668a151618810cd281264be346
2013-09-13 18:34:31.919531 Update finished, 0.001 sec, 2 txes
2013-09-13 18:34:34.921567 Nothing updated
2013-09-13 18:34:37.925928 Nothing updated
2013-09-13 18:34:40.928988 Nothing updated
2013-09-13 18:34:43.932785 Merkle update! Prevhash: 0000000000829beea099b7b535532ad8b3be60668a151618810cd281264be346
2013-09-13 18:34:43.934962 New template for 0000000000829beea099b7b535532ad8b3be60668a151618810cd281264be346
2013-09-13 18:34:43.935189 Update finished, 0.001 sec, 2 txes
2013-09-13 18:34:46.936546 Nothing updated
2013-09-13 18:34:49.939949 Nothing updated
2013-09-13 18:34:52.944197 Nothing updated
2013-09-13 18:34:55.945763 Merkle update! Prevhash: 0000000000829beea099b7b535532ad8b3be60668a151618810cd281264be346
2013-09-13 18:34:55.948132 New template for 0000000000829beea099b7b535532ad8b3be60668a151618810cd281264be346
2013-09-13 18:34:55.948379 Update finished, 0.001 sec, 2 txes
2013-09-13 18:34:58.949425 Nothing updated
2013-09-13 18:35:01.952724 Nothing updated
2013-09-13 18:35:04.956165 Nothing updated
2013-09-13 18:35:07.960287 Merkle update! Prevhash: 0000000000829beea099b7b535532ad8b3be60668a151618810cd281264be346
2013-09-13 18:35:07.963160 New template for 0000000000829beea099b7b535532ad8b3be60668a151618810cd281264be346
2013-09-13 18:35:07.963390 Update finished, 0.001 sec, 3 txes
2013-09-13 18:35:10.967568 Nothing updated
2013-09-13 18:35:13.970831 Nothing updated
2013-09-13 18:35:16.973502 Nothing updated
2013-09-13 18:35:19.976008 Merkle update! Prevhash: 0000000000829beea099b7b535532ad8b3be60668a151618810cd281264be346
2013-09-13 18:35:19.978403 New template for 0000000000829beea099b7b535532ad8b3be60668a151618810cd281264be346
2013-09-13 18:35:19.978672 Update finished, 0.001 sec, 3 txes
2013-09-13 18:35:22.979451 Nothing updated
2013-09-13 18:35:25.981913 Nothing updated
2013-09-13 18:35:28.986045 Nothing updated
2013-09-13 18:35:31.988747 Merkle update! Prevhash: 0000000000829beea099b7b535532ad8b3be60668a151618810cd281264be346
2013-09-13 18:35:31.991203 New template for 0000000000829beea099b7b535532ad8b3be60668a151618810cd281264be346
2013-09-13 18:35:31.991442 Update finished, 0.001 sec, 3 txes
2013-09-13 18:35:34.993922 Nothing updated
2013-09-13 18:35:37.998308 Nothing updated
2013-09-13 18:35:41.002433 Nothing updated
2013-09-13 18:35:44.004395 Merkle update! Prevhash: 0000000000829beea099b7b535532ad8b3be60668a151618810cd281264be346
2013-09-13 18:35:44.006839 New template for 0000000000829beea099b7b535532ad8b3be60668a151618810cd281264be346
2013-09-13 18:35:44.007078 Update finished, 0.001 sec, 3 txes
2013-09-13 18:35:47.009345 Nothing updated
2013-09-13 18:35:50.012545 Nothing updated
2013-09-13 18:35:53.016687 Nothing updated
2013-09-13 18:35:56.018882 Merkle update! Prevhash: 0000000000829beea099b7b535532ad8b3be60668a151618810cd281264be346
2013-09-13 18:35:56.021251 New template for 0000000000829beea099b7b535532ad8b3be60668a151618810cd281264be346
2013-09-13 18:35:56.021483 Update finished, 0.001 sec, 3 txes
2013-09-13 18:35:59.025288 Nothing updated
2013-09-13 18:36:02.029249 Nothing updated
2013-09-13 18:36:05.031142 Nothing updated
2013-09-13 18:36:08.035301 Merkle update! Prevhash: 0000000000829beea099b7b535532ad8b3be60668a151618810cd281264be346
2013-09-13 18:36:08.037684 New template for 0000000000829beea099b7b535532ad8b3be60668a151618810cd281264be346
2013-09-13 18:36:08.037912 Update finished, 0.001 sec, 3 txes
2013-09-13 18:36:11.039670 Nothing updated
2013-09-13 18:36:14.041852 Nothing updated
2013-09-13 18:36:17.045973 Nothing updated
2013-09-13 18:36:20.047982 Merkle update! Prevhash: 0000000000829beea099b7b535532ad8b3be60668a151618810cd281264be346
2013-09-13 18:36:20.050378 New template for 0000000000829beea099b7b535532ad8b3be60668a151618810cd281264be346
2013-09-13 18:36:20.050624 Update finished, 0.001 sec, 3 txes
2013-09-13 18:36:23.051704 Nothing updated
2013-09-13 18:36:26.054417 Nothing updated
2013-09-13 18:36:29.058797 Nothing updated
2013-09-13 18:36:32.062015 Merkle update! Prevhash: 0000000000829beea099b7b535532ad8b3be60668a151618810cd281264be346
2013-09-13 18:36:32.064438 New template for 0000000000829beea099b7b535532ad8b3be60668a151618810cd281264be346
2013-09-13 18:36:32.064682 Update finished, 0.001 sec, 3 txes
2013-09-13 18:36:35.066092 Nothing updated
2013-09-13 18:36:38.070212 Nothing updated
2013-09-13 18:36:41.071674 Nothing updated
2013-09-13 18:36:44.074436 Merkle update! Prevhash: 0000000000829beea099b7b535532ad8b3be60668a151618810cd281264be346
2013-09-13 18:36:44.076878 New template for 0000000000829beea099b7b535532ad8b3be60668a151618810cd281264be346
2013-09-13 18:36:44.077119 Update finished, 0.001 sec, 3 txes
2013-09-13 18:36:47.078396 Nothing updated
2013-09-13 18:36:50.081413 Nothing updated
2013-09-13 18:36:53.085555 Nothing updated
2013-09-13 18:36:56.089699 Merkle update! Prevhash: 0000000000829beea099b7b535532ad8b3be60668a151618810cd281264be346
2013-09-13 18:36:56.092120 New template for 0000000000829beea099b7b535532ad8b3be60668a151618810cd281264be346
2013-09-13 18:36:56.092370 Update finished, 0.001 sec, 3 txes
2013-09-13 18:36:59.095654 Nothing updated
2013-09-13 18:37:02.099245 Nothing updated
2013-09-13 18:37:05.103377 Nothing updated
2013-09-13 18:37:08.107539 Merkle update! Prevhash: 0000000000829beea099b7b535532ad8b3be60668a151618810cd281264be346
2013-09-13 18:37:08.109915 New template for 0000000000829beea099b7b535532ad8b3be60668a151618810cd281264be346
2013-09-13 18:37:08.110161 Update finished, 0.001 sec, 3 txes
2013-09-13 18:37:11.114313 Nothing updated
2013-09-13 18:37:14.118438 Nothing updated
2013-09-13 18:37:17.120333 Nothing updated
2013-09-13 18:37:20.124031 Merkle update! Prevhash: 0000000000829beea099b7b535532ad8b3be60668a151618810cd281264be346
2013-09-13 18:37:20.128376 New template for 0000000000829beea099b7b535532ad8b3be60668a151618810cd281264be346
2013-09-13 18:37:20.128616 Update finished, 0.003 sec, 3 txes
2013-09-13 18:37:23.132741 Nothing updated
2013-09-13 18:37:26.135742 Nothing updated
2013-09-13 18:37:29.140366 Nothing updated
2013-09-13 18:37:32.144584 Merkle update! Prevhash: 0000000000829beea099b7b535532ad8b3be60668a151618810cd281264be346
2013-09-13 18:37:32.147001 New template for 0000000000829beea099b7b535532ad8b3be60668a151618810cd281264be346
2013-09-13 18:37:32.147231 Update finished, 0.001 sec, 3 txes
2013-09-13 18:37:35.147358 Nothing updated
2013-09-13 18:37:38.152185 Nothing updated
2013-09-13 18:37:41.154557 Nothing updated
2013-09-13 18:37:44.156981 Merkle update! Prevhash: 0000000000829beea099b7b535532ad8b3be60668a151618810cd281264be346
2013-09-13 18:37:44.159406 New template for 0000000000829beea099b7b535532ad8b3be60668a151618810cd281264be346
2013-09-13 18:37:44.159637 Update finished, 0.001 sec, 3 txes
2013-09-13 18:37:47.163780 Nothing updated
2013-09-13 18:37:50.167910 Nothing updated
2013-09-13 18:37:53.172067 Nothing updated
2013-09-13 18:37:56.174883 Merkle update! Prevhash: 0000000000829beea099b7b535532ad8b3be60668a151618810cd281264be346
2013-09-13 18:37:56.177171 New template for 0000000000829beea099b7b535532ad8b3be60668a151618810cd281264be346
2013-09-13 18:37:56.177386 Update finished, 0.001 sec, 3 txes
2013-09-13 18:37:59.181458 Nothing updated
2013-09-13 18:38:02.183606 Nothing updated
2013-09-13 18:38:05.187719 Nothing updated
2013-09-13 18:38:08.190799 Merkle update! Prevhash: 0000000000829beea099b7b535532ad8b3be60668a151618810cd281264be346
2013-09-13 18:38:08.193203 New template for 0000000000829beea099b7b535532ad8b3be60668a151618810cd281264be346
2013-09-13 18:38:08.193443 Update finished, 0.001 sec, 3 txes
2013-09-13 18:38:11.195811 Nothing updated
2013-09-13 18:38:14.199841 Nothing updated
2013-09-13 18:38:17.203635 Nothing updated
2013-09-13 18:38:20.207780 Merkle update! Prevhash: 0000000000829beea099b7b535532ad8b3be60668a151618810cd281264be346
2013-09-13 18:38:20.210172 New template for 0000000000829beea099b7b535532ad8b3be60668a151618810cd281264be346
2013-09-13 18:38:20.210397 Update finished, 0.001 sec, 3 txes
2013-09-13 18:38:23.214534 Nothing updated
2013-09-13 18:38:26.217556 Nothing updated
2013-09-13 18:38:29.221780 Nothing updated
2013-09-13 18:38:32.224854 Merkle update! Prevhash: 0000000000829beea099b7b535532ad8b3be60668a151618810cd281264be346
2013-09-13 18:38:32.227331 New template for 0000000000829beea099b7b535532ad8b3be60668a151618810cd281264be346
2013-09-13 18:38:32.227562 Update finished, 0.001 sec, 3 txes
2013-09-13 18:38:35.227748 Nothing updated
2013-09-13 18:38:38.230929 Nothing updated
2013-09-13 18:38:41.234207 Nothing updated
2013-09-13 18:38:44.238349 Merkle update! Prevhash: 0000000000829beea099b7b535532ad8b3be60668a151618810cd281264be346
2013-09-13 18:38:44.240741 New template for 0000000000829beea099b7b535532ad8b3be60668a151618810cd281264be346
2013-09-13 18:38:44.240978 Update finished, 0.001 sec, 3 txes
2013-09-13 18:38:47.241965 Nothing updated
2013-09-13 18:38:50.246099 Nothing updated
2013-09-13 18:38:53.250663 Nothing updated
2013-09-13 18:38:56.254859 Merkle update! Prevhash: 0000000000829beea099b7b535532ad8b3be60668a151618810cd281264be346
2013-09-13 18:38:56.257220 New template for 0000000000829beea099b7b535532ad8b3be60668a151618810cd281264be346
2013-09-13 18:38:56.257446 Update finished, 0.001 sec, 3 txes
2013-09-13 18:38:59.261050 Nothing updated
2013-09-13 18:39:02.265171 Nothing updated
2013-09-13 18:39:05.267654 Nothing updated
2013-09-13 18:39:08.271836 Merkle update! Prevhash: 0000000000829beea099b7b535532ad8b3be60668a151618810cd281264be346
2013-09-13 18:39:08.274224 New template for 0000000000829beea099b7b535532ad8b3be60668a151618810cd281264be346
2013-09-13 18:39:08.274460 Update finished, 0.001 sec, 3 txes
2013-09-13 18:39:11.278596 Nothing updated
2013-09-13 18:39:14.281751 Nothing updated
2013-09-13 18:39:17.285879 Nothing updated
2013-09-13 18:39:20.289527 Merkle update! Prevhash: 0000000000829beea099b7b535532ad8b3be60668a151618810cd281264be346
2013-09-13 18:39:20.291927 New template for 0000000000829beea099b7b535532ad8b3be60668a151618810cd281264be346
2013-09-13 18:39:20.292164 Update finished, 0.001 sec, 3 txes
2013-09-13 18:39:23.295103 Nothing updated
2013-09-13 18:39:26.297366 Nothing updated
2013-09-13 18:39:29.302259 Nothing updated
2013-09-13 18:39:32.306398 Merkle update! Prevhash: 0000000000829beea099b7b535532ad8b3be60668a151618810cd281264be346
2013-09-13 18:39:32.308755 New template for 0000000000829beea099b7b535532ad8b3be60668a151618810cd281264be346
2013-09-13 18:39:32.308999 Update finished, 0.001 sec, 3 txes
2013-09-13 18:39:35.313125 Nothing updated
2013-09-13 18:39:38.316629 Nothing updated
2013-09-13 18:39:41.319281 Nothing updated
2013-09-13 18:39:44.322868 Merkle update! Prevhash: 0000000000829beea099b7b535532ad8b3be60668a151618810cd281264be346
2013-09-13 18:39:44.325256 New template for 0000000000829beea099b7b535532ad8b3be60668a151618810cd281264be346
2013-09-13 18:39:44.325673 Update finished, 0.002 sec, 3 txes
2013-09-13 18:39:47.329801 Nothing updated
2013-09-13 18:39:50.333682 Nothing updated
2013-09-13 18:39:53.337813 Nothing updated
2013-09-13 18:39:56.341531 Merkle update! Prevhash: 0000000000829beea099b7b535532ad8b3be60668a151618810cd281264be346
2013-09-13 18:39:56.343944 New template for 0000000000829beea099b7b535532ad8b3be60668a151618810cd281264be346
2013-09-13 18:39:56.344174 Update finished, 0.001 sec, 3 txes
2013-09-13 18:39:59.344988 Nothing updated
2013-09-13 18:40:02.347938 Nothing updated
2013-09-13 18:40:05.352560 Nothing updated
2013-09-13 18:40:08.356704 Merkle update! Prevhash: 0000000000829beea099b7b535532ad8b3be60668a151618810cd281264be346
2013-09-13 18:40:08.359793 New template for 0000000000829beea099b7b535532ad8b3be60668a151618810cd281264be346
2013-09-13 18:40:08.360024 Update finished, 0.002 sec, 4 txes
2013-09-13 18:40:11.362565 Nothing updated
2013-09-13 18:40:14.366742 Nothing updated
2013-09-13 18:40:17.370856 Nothing updated
2013-09-13 18:40:20.375006 Merkle update! Prevhash: 0000000000829beea099b7b535532ad8b3be60668a151618810cd281264be346
2013-09-13 18:40:20.377610 New template for 0000000000829beea099b7b535532ad8b3be60668a151618810cd281264be346
2013-09-13 18:40:20.377840 Update finished, 0.001 sec, 4 txes
2013-09-13 18:40:23.379571 Nothing updated
2013-09-13 18:40:26.382087 Nothing updated
2013-09-13 18:40:29.384263 Nothing updated
2013-09-13 18:40:32.387915 Merkle update! Prevhash: 0000000000829beea099b7b535532ad8b3be60668a151618810cd281264be346
2013-09-13 18:40:32.390492 New template for 0000000000829beea099b7b535532ad8b3be60668a151618810cd281264be346
2013-09-13 18:40:32.390743 Update finished, 0.002 sec, 4 txes
2013-09-13 18:40:35.391226 Nothing updated
2013-09-13 18:40:38.395358 Nothing updated
2013-09-13 18:40:41.398582 Nothing updated
2013-09-13 18:40:44.402690 Merkle update! Prevhash: 0000000000829beea099b7b535532ad8b3be60668a151618810cd281264be346
2013-09-13 18:40:44.405274 New template for 0000000000829beea099b7b535532ad8b3be60668a151618810cd281264be346
2013-09-13 18:40:44.405521 Update finished, 0.001 sec, 4 txes
2013-09-13 18:40:47.405660 Nothing updated
2013-09-13 18:40:50.409539 Nothing updated
2013-09-13 18:40:53.413667 Nothing updated
2013-09-13 18:40:56.416402 Merkle update! Prevhash: 0000000000829beea099b7b535532ad8b3be60668a151618810cd281264be346
2013-09-13 18:40:56.419025 New template for 0000000000829beea099b7b535532ad8b3be60668a151618810cd281264be346
2013-09-13 18:40:56.419269 Update finished, 0.002 sec, 4 txes
2013-09-13 18:40:59.423459 Nothing updated
2013-09-13 18:41:02.426965 Nothing updated
2013-09-13 18:41:05.430247 Nothing updated
2013-09-13 18:41:08.434385 Merkle update! Prevhash: 0000000000829beea099b7b535532ad8b3be60668a151618810cd281264be346
2013-09-13 18:41:08.436997 New template for 0000000000829beea099b7b535532ad8b3be60668a151618810cd281264be346
2013-09-13 18:41:08.437249 Update finished, 0.002 sec, 4 txes
2013-09-13 18:41:11.441387 Nothing updated
2013-09-13 18:41:14.445521 Nothing updated
2013-09-13 18:41:17.449842 Nothing updated
2013-09-13 18:41:20.451715 Merkle update! Prevhash: 0000000000829beea099b7b535532ad8b3be60668a151618810cd281264be346
2013-09-13 18:41:20.454324 New template for 0000000000829beea099b7b535532ad8b3be60668a151618810cd281264be346
2013-09-13 18:41:20.454552 Update finished, 0.001 sec, 4 txes
2013-09-13 18:41:23.457316 Nothing updated
2013-09-13 18:41:26.461468 Nothing updated
2013-09-13 18:41:29.465598 Nothing updated
2013-09-13 18:41:32.470112 Merkle update! Prevhash: 0000000000829beea099b7b535532ad8b3be60668a151618810cd281264be346
2013-09-13 18:41:32.472713 New template for 0000000000829beea099b7b535532ad8b3be60668a151618810cd281264be346
2013-09-13 18:41:32.472955 Update finished, 0.001 sec, 4 txes
2013-09-13 18:41:35.475962 Nothing updated
2013-09-13 18:41:38.477859 Nothing updated
2013-09-13 18:41:41.482007 Nothing updated
2013-09-13 18:41:44.483701 Merkle update! Prevhash: 0000000000829beea099b7b535532ad8b3be60668a151618810cd281264be346
2013-09-13 18:41:44.486293 New template for 0000000000829beea099b7b535532ad8b3be60668a151618810cd281264be346
2013-09-13 18:41:44.486527 Update finished, 0.001 sec, 4 txes
2013-09-13 18:41:47.487481 Nothing updated
2013-09-13 18:41:50.489909 Nothing updated
2013-09-13 18:41:53.492375 Nothing updated
2013-09-13 18:41:56.496026 Merkle update! Prevhash: 0000000000829beea099b7b535532ad8b3be60668a151618810cd281264be346
2013-09-13 18:41:56.498664 New template for 0000000000829beea099b7b535532ad8b3be60668a151618810cd281264be346
2013-09-13 18:41:56.498914 Update finished, 0.002 sec, 4 txes
2013-09-13 18:41:59.501740 Nothing updated
2013-09-13 18:42:02.504359 Nothing updated
2013-09-13 18:42:05.506083 Nothing updated
2013-09-13 18:42:08.509614 Merkle update! Prevhash: 0000000000829beea099b7b535532ad8b3be60668a151618810cd281264be346
2013-09-13 18:42:08.512247 New template for 0000000000829beea099b7b535532ad8b3be60668a151618810cd281264be346
2013-09-13 18:42:08.512485 Update finished, 0.001 sec, 4 txes
2013-09-13 18:42:11.512913 Nothing updated
2013-09-13 18:42:14.517344 Nothing updated
2013-09-13 18:42:17.521292 Nothing updated
2013-09-13 18:42:20.525437 Merkle update! Prevhash: 0000000000829beea099b7b535532ad8b3be60668a151618810cd281264be346
2013-09-13 18:42:20.528043 New template for 0000000000829beea099b7b535532ad8b3be60668a151618810cd281264be346
2013-09-13 18:42:20.528292 Update finished, 0.002 sec, 4 txes
2013-09-13 18:42:23.529446 Nothing updated
2013-09-13 18:42:26.532115 Nothing updated
2013-09-13 18:42:29.536266 Nothing updated
2013-09-13 18:42:32.540127 Merkle update! Prevhash: 0000000000829beea099b7b535532ad8b3be60668a151618810cd281264be346
2013-09-13 18:42:32.542765 New template for 0000000000829beea099b7b535532ad8b3be60668a151618810cd281264be346
2013-09-13 18:42:32.543015 Update finished, 0.002 sec, 4 txes
2013-09-13 18:42:35.547221 Nothing updated
2013-09-13 18:42:38.550463 Nothing updated
2013-09-13 18:42:41.552808 Nothing updated
2013-09-13 18:42:44.557342 Merkle update! Prevhash: 0000000000829beea099b7b535532ad8b3be60668a151618810cd281264be346
2013-09-13 18:42:44.559961 New template for 0000000000829beea099b7b535532ad8b3be60668a151618810cd281264be346
2013-09-13 18:42:44.560197 Update finished, 0.001 sec, 4 txes
2013-09-13 18:42:47.564356 Nothing updated
2013-09-13 18:42:50.566823 Nothing updated
2013-09-13 18:42:53.570212 Nothing updated
2013-09-13 18:42:56.574609 Merkle update! Prevhash: 0000000000829beea099b7b535532ad8b3be60668a151618810cd281264be346
2013-09-13 18:42:56.577268 New template for 0000000000829beea099b7b535532ad8b3be60668a151618810cd281264be346
2013-09-13 18:42:56.577504 Update finished, 0.002 sec, 4 txes
2013-09-13 18:42:59.578013 Nothing updated
2013-09-13 18:43:02.582134 Nothing updated
2013-09-13 18:43:05.586042 Nothing updated
2013-09-13 18:43:08.590183 Merkle update! Prevhash: 0000000000829beea099b7b535532ad8b3be60668a151618810cd281264be346
2013-09-13 18:43:08.592841 New template for 0000000000829beea099b7b535532ad8b3be60668a151618810cd281264be346
2013-09-13 18:43:08.593076 Update finished, 0.002 sec, 4 txes
2013-09-13 18:43:11.597215 Nothing updated
2013-09-13 18:43:14.601331 Nothing updated
2013-09-13 18:43:17.603789 Nothing updated
2013-09-13 18:43:20.607911 Merkle update! Prevhash: 0000000000829beea099b7b535532ad8b3be60668a151618810cd281264be346
2013-09-13 18:43:20.610471 New template for 0000000000829beea099b7b535532ad8b3be60668a151618810cd281264be346
2013-09-13 18:43:20.610749 Update finished, 0.002 sec, 4 txes
2013-09-13 18:43:23.611900 Nothing updated
2013-09-13 18:43:26.615246 Nothing updated
2013-09-13 18:43:29.619115 Nothing updated
2013-09-13 18:43:32.623276 Merkle update! Prevhash: 0000000000829beea099b7b535532ad8b3be60668a151618810cd281264be346
2013-09-13 18:43:32.625945 New template for 0000000000829beea099b7b535532ad8b3be60668a151618810cd281264be346
2013-09-13 18:43:32.626181 Update finished, 0.002 sec, 4 txes
2013-09-13 18:43:35.628630 Nothing updated
2013-09-13 18:43:38.632736 Nothing updated
2013-09-13 18:43:41.635782 Nothing updated
2013-09-13 18:43:44.637483 Merkle update! Prevhash: 0000000000829beea099b7b535532ad8b3be60668a151618810cd281264be346
2013-09-13 18:43:44.640099 New template for 0000000000829beea099b7b535532ad8b3be60668a151618810cd281264be346
2013-09-13 18:43:44.640516 Update finished, 0.002 sec, 4 txes
2013-09-13 18:43:47.641101 Nothing updated
2013-09-13 18:43:50.643090 Nothing updated
2013-09-13 18:43:53.647547 Nothing updated
2013-09-13 18:43:56.651378 Merkle update! Prevhash: 0000000000829beea099b7b535532ad8b3be60668a151618810cd281264be346
2013-09-13 18:43:56.653953 New template for 0000000000829beea099b7b535532ad8b3be60668a151618810cd281264be346
2013-09-13 18:43:56.654184 Update finished, 0.001 sec, 4 txes
2013-09-13 18:43:59.654545 Nothing updated
2013-09-13 18:44:02.658711 Nothing updated
2013-09-13 18:44:05.661098 Nothing updated
2013-09-13 18:44:08.664506 Merkle update! Prevhash: 0000000000829beea099b7b535532ad8b3be60668a151618810cd281264be346
2013-09-13 18:44:08.667144 New template for 0000000000829beea099b7b535532ad8b3be60668a151618810cd281264be346
2013-09-13 18:44:08.667391 Update finished, 0.002 sec, 4 txes
2013-09-13 18:44:11.669501 Nothing updated
2013-09-13 18:44:14.672722 Nothing updated
2013-09-13 18:44:17.675844 Nothing updated
2013-09-13 18:44:20.680014 Merkle update! Prevhash: 0000000000829beea099b7b535532ad8b3be60668a151618810cd281264be346
2013-09-13 18:44:20.682591 New template for 0000000000829beea099b7b535532ad8b3be60668a151618810cd281264be346
2013-09-13 18:44:20.682873 Update finished, 0.002 sec, 4 txes
2013-09-13 18:44:23.684366 Nothing updated
2013-09-13 18:44:26.687850 Nothing updated
2013-09-13 18:44:29.691528 Nothing updated
2013-09-13 18:44:32.694055 Merkle update! Prevhash: 0000000000829beea099b7b535532ad8b3be60668a151618810cd281264be346
2013-09-13 18:44:32.696693 New template for 0000000000829beea099b7b535532ad8b3be60668a151618810cd281264be346
2013-09-13 18:44:32.696935 Update finished, 0.002 sec, 4 txes
2013-09-13 18:44:35.699001 Nothing updated
2013-09-13 18:44:38.701104 New block! Prevhash: 00000000002360ef1b5878d5edbfef4f9ab85cd08120fabeb2debbf1b633e2f3
2013-09-13 18:44:38.704747 New template for 00000000002360ef1b5878d5edbfef4f9ab85cd08120fabeb2debbf1b633e2f3
2013-09-13 18:44:38.705002 Update finished, 0.003 sec, 2 txes
2013-09-13 18:44:41.709194 Nothing updated
2013-09-13 18:44:44.713766 Nothing updated
2013-09-13 18:44:47.716900 Nothing updated
2013-09-13 18:44:50.719504 Merkle update! Prevhash: 00000000002360ef1b5878d5edbfef4f9ab85cd08120fabeb2debbf1b633e2f3
2013-09-13 18:44:50.721597 New template for 00000000002360ef1b5878d5edbfef4f9ab85cd08120fabeb2debbf1b633e2f3
2013-09-13 18:44:50.721826 Update finished, 0.001 sec, 2 txes
2013-09-13 18:44:53.723560 Nothing updated
2013-09-13 18:44:56.728484 Nothing updated
2013-09-13 18:44:59.730142 Nothing updated
2013-09-13 18:45:02.735011 Merkle update! Prevhash: 00000000002360ef1b5878d5edbfef4f9ab85cd08120fabeb2debbf1b633e2f3
2013-09-13 18:45:02.737591 New template for 00000000002360ef1b5878d5edbfef4f9ab85cd08120fabeb2debbf1b633e2f3
2013-09-13 18:45:02.737817 Update finished, 0.001 sec, 3 txes
2013-09-13 18:45:05.740353 Nothing updated
2013-09-13 18:45:08.742265 Nothing updated
2013-09-13 18:45:11.744047 Nothing updated
2013-09-13 18:45:14.746045 Merkle update! Prevhash: 00000000002360ef1b5878d5edbfef4f9ab85cd08120fabeb2debbf1b633e2f3
2013-09-13 18:45:14.748398 New template for 00000000002360ef1b5878d5edbfef4f9ab85cd08120fabeb2debbf1b633e2f3
2013-09-13 18:45:14.748628 Update finished, 0.001 sec, 3 txes
2013-09-13 18:45:17.750130 Nothing updated
2013-09-13 18:45:20.754211 Nothing updated
2013-09-13 18:45:23.756847 Nothing updated
2013-09-13 18:45:26.760962 Merkle update! Prevhash: 00000000002360ef1b5878d5edbfef4f9ab85cd08120fabeb2debbf1b633e2f3
2013-09-13 18:45:26.763387 New template for 00000000002360ef1b5878d5edbfef4f9ab85cd08120fabeb2debbf1b633e2f3
2013-09-13 18:45:26.763624 Update finished, 0.001 sec, 3 txes
2013-09-13 18:45:29.764506 Nothing updated
2013-09-13 18:45:32.768478 Nothing updated
2013-09-13 18:45:35.773284 Nothing updated
2013-09-13 18:45:38.776722 Merkle update! Prevhash: 00000000002360ef1b5878d5edbfef4f9ab85cd08120fabeb2debbf1b633e2f3
2013-09-13 18:45:38.779147 New template for 00000000002360ef1b5878d5edbfef4f9ab85cd08120fabeb2debbf1b633e2f3
2013-09-13 18:45:38.779385 Update finished, 0.001 sec, 3 txes
2013-09-13 18:45:41.779720 Nothing updated
2013-09-13 18:45:44.782914 Nothing updated
2013-09-13 18:45:47.785248 Nothing updated
2013-09-13 18:45:50.789355 Merkle update! Prevhash: 00000000002360ef1b5878d5edbfef4f9ab85cd08120fabeb2debbf1b633e2f3
2013-09-13 18:45:50.791704 New template for 00000000002360ef1b5878d5edbfef4f9ab85cd08120fabeb2debbf1b633e2f3
2013-09-13 18:45:50.791934 Update finished, 0.001 sec, 3 txes
2013-09-13 18:45:53.793414 Nothing updated
2013-09-13 18:45:56.796956 Nothing updated
2013-09-13 18:45:59.800240 Nothing updated
2013-09-13 18:46:02.804381 Merkle update! Prevhash: 00000000002360ef1b5878d5edbfef4f9ab85cd08120fabeb2debbf1b633e2f3
2013-09-13 18:46:02.806734 New template for 00000000002360ef1b5878d5edbfef4f9ab85cd08120fabeb2debbf1b633e2f3
2013-09-13 18:46:02.806969 Update finished, 0.001 sec, 3 txes
2013-09-13 18:46:05.808583 Nothing updated
2013-09-13 18:46:08.813192 Nothing updated
2013-09-13 18:46:11.817328 Nothing updated
2013-09-13 18:46:14.821489 Merkle update! Prevhash: 00000000002360ef1b5878d5edbfef4f9ab85cd08120fabeb2debbf1b633e2f3
2013-09-13 18:46:14.823848 New template for 00000000002360ef1b5878d5edbfef4f9ab85cd08120fabeb2debbf1b633e2f3
2013-09-13 18:46:14.824085 Update finished, 0.001 sec, 3 txes
2013-09-13 18:46:17.825002 Nothing updated
2013-09-13 18:46:20.829544 Nothing updated
2013-09-13 18:46:23.831938 Nothing updated
2013-09-13 18:46:26.835132 Merkle update! Prevhash: 00000000002360ef1b5878d5edbfef4f9ab85cd08120fabeb2debbf1b633e2f3
2013-09-13 18:46:26.837424 New template for 00000000002360ef1b5878d5edbfef4f9ab85cd08120fabeb2debbf1b633e2f3
2013-09-13 18:46:26.837652 Update finished, 0.001 sec, 3 txes
2013-09-13 18:46:29.838120 Nothing updated
2013-09-13 18:46:32.842253 Nothing updated
2013-09-13 18:46:35.845967 Nothing updated
2013-09-13 18:46:38.848867 Merkle update! Prevhash: 00000000002360ef1b5878d5edbfef4f9ab85cd08120fabeb2debbf1b633e2f3
2013-09-13 18:46:38.851241 New template for 00000000002360ef1b5878d5edbfef4f9ab85cd08120fabeb2debbf1b633e2f3
2013-09-13 18:46:38.851486 Update finished, 0.001 sec, 3 txes
2013-09-13 18:46:41.852864 Nothing updated
2013-09-13 18:46:44.855242 Nothing updated
2013-09-13 18:46:47.857064 Nothing updated
2013-09-13 18:46:50.859975 Merkle update! Prevhash: 00000000002360ef1b5878d5edbfef4f9ab85cd08120fabeb2debbf1b633e2f3
2013-09-13 18:46:50.862308 New template for 00000000002360ef1b5878d5edbfef4f9ab85cd08120fabeb2debbf1b633e2f3
2013-09-13 18:46:50.862536 Update finished, 0.001 sec, 3 txes
2013-09-13 18:46:53.864629 Nothing updated
2013-09-13 18:46:56.866559 Nothing updated
2013-09-13 18:46:59.870763 Nothing updated
2013-09-13 18:47:02.872694 Merkle update! Prevhash: 00000000002360ef1b5878d5edbfef4f9ab85cd08120fabeb2debbf1b633e2f3
2013-09-13 18:47:02.875028 New template for 00000000002360ef1b5878d5edbfef4f9ab85cd08120fabeb2debbf1b633e2f3
2013-09-13 18:47:02.875256 Update finished, 0.001 sec, 3 txes
2013-09-13 18:47:05.879405 Nothing updated
2013-09-13 18:47:08.883058 Nothing updated
2013-09-13 18:47:11.885856 Nothing updated
2013-09-13 18:47:14.888979 Merkle update! Prevhash: 00000000002360ef1b5878d5edbfef4f9ab85cd08120fabeb2debbf1b633e2f3
2013-09-13 18:47:14.891365 New template for 00000000002360ef1b5878d5edbfef4f9ab85cd08120fabeb2debbf1b633e2f3
2013-09-13 18:47:14.891596 Update finished, 0.001 sec, 3 txes
2013-09-13 18:47:17.892544 Nothing updated
2013-09-13 18:47:20.894883 Nothing updated
2013-09-13 18:47:23.896876 Nothing updated
2013-09-13 18:47:26.901174 Merkle update! Prevhash: 00000000002360ef1b5878d5edbfef4f9ab85cd08120fabeb2debbf1b633e2f3
2013-09-13 18:47:26.903507 New template for 00000000002360ef1b5878d5edbfef4f9ab85cd08120fabeb2debbf1b633e2f3
2013-09-13 18:47:26.903744 Update finished, 0.001 sec, 3 txes
2013-09-13 18:47:29.905879 Nothing updated
2013-09-13 18:47:32.908372 Nothing updated
2013-09-13 18:47:35.912397 Nothing updated
2013-09-13 18:47:38.915695 Merkle update! Prevhash: 00000000002360ef1b5878d5edbfef4f9ab85cd08120fabeb2debbf1b633e2f3
2013-09-13 18:47:38.917979 New template for 00000000002360ef1b5878d5edbfef4f9ab85cd08120fabeb2debbf1b633e2f3
2013-09-13 18:47:38.918205 Update finished, 0.001 sec, 3 txes
2013-09-13 18:47:41.919142 Nothing updated
2013-09-13 18:47:44.923318 Nothing updated
2013-09-13 18:47:47.925682 Nothing updated
2013-09-13 18:47:50.928958 Merkle update! Prevhash: 00000000002360ef1b5878d5edbfef4f9ab85cd08120fabeb2debbf1b633e2f3
2013-09-13 18:47:50.931286 New template for 00000000002360ef1b5878d5edbfef4f9ab85cd08120fabeb2debbf1b633e2f3
2013-09-13 18:47:50.931515 Update finished, 0.001 sec, 3 txes
2013-09-13 18:47:53.933798 Nothing updated
2013-09-13 18:47:56.935712 Nothing updated
2013-09-13 18:47:59.938456 Nothing updated
2013-09-13 18:48:02.942869 Merkle update! Prevhash: 00000000002360ef1b5878d5edbfef4f9ab85cd08120fabeb2debbf1b633e2f3
2013-09-13 18:48:02.945164 New template for 00000000002360ef1b5878d5edbfef4f9ab85cd08120fabeb2debbf1b633e2f3
2013-09-13 18:48:02.945394 Update finished, 0.001 sec, 3 txes
2013-09-13 18:48:05.945656 Nothing updated
2013-09-13 18:48:08.949782 Nothing updated
2013-09-13 18:48:11.952166 Nothing updated
2013-09-13 18:48:14.956295 Merkle update! Prevhash: 00000000002360ef1b5878d5edbfef4f9ab85cd08120fabeb2debbf1b633e2f3
2013-09-13 18:48:14.958599 New template for 00000000002360ef1b5878d5edbfef4f9ab85cd08120fabeb2debbf1b633e2f3
2013-09-13 18:48:14.958899 Update finished, 0.001 sec, 3 txes
2013-09-13 18:48:17.960826 Nothing updated
2013-09-13 18:48:20.963471 Nothing updated
2013-09-13 18:48:23.966613 Nothing updated
2013-09-13 18:48:26.968947 Merkle update! Prevhash: 00000000002360ef1b5878d5edbfef4f9ab85cd08120fabeb2debbf1b633e2f3
2013-09-13 18:48:26.971294 New template for 00000000002360ef1b5878d5edbfef4f9ab85cd08120fabeb2debbf1b633e2f3
2013-09-13 18:48:26.971522 Update finished, 0.001 sec, 3 txes
2013-09-13 18:48:29.972189 Nothing updated
2013-09-13 18:48:32.976195 Nothing updated
2013-09-13 18:48:35.978434 Nothing updated
2013-09-13 18:48:38.980555 Merkle update! Prevhash: 00000000002360ef1b5878d5edbfef4f9ab85cd08120fabeb2debbf1b633e2f3
2013-09-13 18:48:38.982979 New template for 00000000002360ef1b5878d5edbfef4f9ab85cd08120fabeb2debbf1b633e2f3
2013-09-13 18:48:38.983227 Update finished, 0.001 sec, 3 txes
2013-09-13 18:48:41.985384 Nothing updated
2013-09-13 18:48:44.988576 Nothing updated
2013-09-13 18:48:47.992067 Nothing updated
2013-09-13 18:48:50.996273 Merkle update! Prevhash: 00000000002360ef1b5878d5edbfef4f9ab85cd08120fabeb2debbf1b633e2f3
2013-09-13 18:48:50.998582 New template for 00000000002360ef1b5878d5edbfef4f9ab85cd08120fabeb2debbf1b633e2f3
2013-09-13 18:48:50.998829 Update finished, 0.001 sec, 3 txes
